2020-05-12 15:10:17,355-INFO-Downloading 0 IBUS500_1_hour_5_D_.csv
2020-05-12 15:10:20,546-INFO-Downloading 0 IBUST100_1_hour_5_D_.csv
2020-05-12 15:10:33,022-INFO-Downloading 0 IBUS30_1_hour_5_D_.csv
2020-05-12 15:10:33,580-INFO-Downloading 0 IBDE30_1_hour_5_D_.csv
2020-05-12 15:10:34,065-INFO-Downloading 0 IBFR40_1_hour_5_D_.csv
2020-05-12 15:10:35,544-INFO-Downloading 0 IBGB100_1_hour_5_D_.csv
2020-05-12 15:10:36,028-INFO-Downloading 0 IBES35_1_hour_5_D_.csv
2020-05-12 15:10:36,543-INFO-Downloading 0 IBCH20_1_hour_5_D_.csv
2020-05-12 15:10:37,018-INFO-Downloading 0 IBNL25_1_hour_5_D_.csv
2020-05-12 15:10:37,529-INFO-Downloading 0 IBEU50_1_hour_5_D_.csv
2020-05-12 15:10:38,005-INFO-Downloading 0 IBAU200_1_hour_5_D_.csv
2020-05-12 15:10:38,335-INFO-Downloading 0 IBHK50_1_hour_5_D_.csv
2020-05-12 15:10:38,839-INFO-Downloading 0 IBJP225_1_hour_5_D_.csv
2020-05-12 15:10:39,112-INFO-Downloading 0 EURUSD_1_hour_5_D_.csv
2020-05-12 15:10:39,402-INFO-Downloading 0 USDSGD_1_hour_5_D_.csv
2020-05-12 15:10:39,692-INFO-Downloading 0 USDJPY_1_hour_5_D_.csv
2020-05-12 15:10:40,220-INFO-Downloading 0 USDHKD_1_hour_5_D_.csv
2020-05-12 15:10:40,509-INFO-Downloading 0 USDCNH_1_hour_5_D_.csv
2020-05-12 15:10:40,803-INFO-Downloading 0 USDCAD_1_hour_5_D_.csv
2020-05-12 15:10:41,102-INFO-Downloading 0 USDCHF_1_hour_5_D_.csv
2020-05-12 15:10:42,401-INFO-Downloading 0 EURSGD_1_hour_5_D_.csv
2020-05-12 15:10:42,689-INFO-Downloading 0 GBPUSD_1_hour_5_D_.csv
2020-05-12 15:10:43,985-INFO-Downloading 0 EURGBP_1_hour_5_D_.csv
2020-05-12 15:10:44,280-INFO-Downloading 0 EURAUD_1_hour_5_D_.csv
2020-05-12 15:10:44,573-INFO-Downloading 0 GBPUSD_1_hour_5_D_.csv
2020-05-12 15:10:44,860-INFO-Downloading 0 EURGBP_1_hour_5_D_.csv
2020-05-12 15:10:45,153-INFO-Downloading 0 EURAUD_1_hour_5_D_.csv
2020-05-12 15:10:45,638-INFO-Downloading 0 GBPUSD_1_hour_5_D_.csv
2020-05-12 15:10:45,932-INFO-Downloading 0 GBPAUD_1_hour_5_D_.csv
2020-05-12 15:10:46,419-INFO-Downloading 0 AUDUSD_1_hour_5_D_.csv
2020-05-12 15:10:46,910-INFO-Downloading 0 AUDSGD_1_hour_5_D_.csv
2020-05-12 15:10:47,212-INFO-Downloading 0 AUDHKD_1_hour_5_D_.csv
2020-05-12 15:10:47,507-INFO-Downloading 0 AUDCNH_1_hour_5_D_.csv
2020-05-12 15:10:47,806-INFO-Downloading 0 AUDJPY_1_hour_5_D_.csv
2020-05-12 15:10:48,107-INFO-Downloading 0 NZDUSD_1_hour_5_D_.csv
2020-05-12 15:10:48,396-INFO-Downloading 0 SGDJPY_1_hour_5_D_.csv
2020-05-12 15:10:48,866-INFO-Downloading 0 SGDCNH_1_hour_5_D_.csv
2020-05-12 15:10:49,161-INFO-Downloading 0 CHFJPY_1_hour_5_D_.csv
2020-05-12 15:10:49,453-INFO-Downloading 0 EURCHF_1_hour_5_D_.csv
2020-05-12 15:10:49,973-INFO-Downloading 0 USDKRW_1_hour_5_D_.csv
2020-05-12 15:10:50,259-INFO-Downloading 0 CADJPY_1_hour_5_D_.csv
2020-05-12 15:10:51,554-INFO-Downloading 0 EURCAD_1_hour_5_D_.csv
2020-05-12 15:10:51,852-INFO-Downloading 0 AUDCAD_1_hour_5_D_.csv
2020-05-12 15:10:52,379-INFO-Downloading 0 GBPNZD_1_hour_5_D_.csv
2020-05-12 15:10:52,668-INFO-Downloading 0 GBPSGD_1_hour_5_D_.csv
2020-05-12 15:10:52,955-INFO-Downloading 0 USDCZK_1_hour_5_D_.csv
2020-05-12 15:10:53,243-INFO-Downloading 0 USDDKK_1_hour_5_D_.csv
2020-05-12 15:10:54,539-INFO-Downloading 0 USDHUF_1_hour_5_D_.csv
2020-05-12 15:10:54,834-INFO-Downloading 0 USDILS_1_hour_5_D_.csv
2020-05-12 15:10:55,131-INFO-Downloading 0 USDKRW_1_hour_5_D_.csv
2020-05-12 15:10:55,415-INFO-Downloading 0 USDMXN_1_hour_5_D_.csv
2020-05-12 15:10:55,703-INFO-Downloading 0 USDNOK_1_hour_5_D_.csv
2020-05-12 15:10:55,992-INFO-Downloading 0 USDPLN_1_hour_5_D_.csv
2020-05-12 15:10:56,278-INFO-Downloading 0 USDRUB_1_hour_5_D_.csv
2020-05-12 15:10:57,572-INFO-Downloading 0 USDSEK_1_hour_5_D_.csv
2020-05-12 15:10:57,859-INFO-Downloading 0 USDTRY_1_hour_5_D_.csv
2020-05-12 15:10:58,146-INFO-Downloading 0 USDZAR_1_hour_5_D_.csv
2020-05-12 15:10:58,434-INFO-Downloading 0 HG_1_hour_5_D_.csv
2020-05-12 15:10:58,788-INFO-Downloading 0 ZO_1_hour_5_D_.csv
2020-05-12 15:10:59,127-INFO-Downloading 0 ZF_1_hour_5_D_.csv
2020-05-12 15:10:59,458-INFO-Downloading 0 ZN_1_hour_5_D_.csv
2020-05-12 15:10:59,817-INFO-Downloading 0 ZB_1_hour_5_D_.csv
2020-05-12 15:11:00,156-INFO-Downloading 0 YM_1_hour_5_D_.csv
2020-05-12 15:11:00,673-INFO-Downloading 0 EMD_1_hour_5_D_.csv
2020-05-12 15:11:01,252-INFO-Downloading 0 ES_1_hour_5_D_.csv
2020-05-12 15:11:02,022-INFO-Downloading 0 NQ_1_hour_5_D_.csv
2020-05-12 15:11:03,594-INFO-Downloading 0 NKD_1_hour_5_D_.csv
2020-05-12 15:11:04,209-INFO-Downloading 0 PL_1_hour_5_D_.csv
2020-05-12 15:11:04,542-INFO-Downloading 0 BZ_1_hour_5_D_.csv
2020-05-12 15:11:04,895-INFO-Downloading 0 CL_1_hour_5_D_.csv
2020-05-12 15:11:05,519-INFO-Downloading 0 GC_1_hour_5_D_.csv
2020-05-12 15:11:05,870-INFO-Downloading 0 ZT_1_hour_5_D_.csv
2020-05-12 15:11:06,252-INFO-Downloading 0 ZQ_1_hour_5_D_.csv
2020-05-12 15:11:07,659-INFO-Downloading 0 ZC_1_hour_5_D_.csv
2020-05-12 15:11:11,277-INFO-Downloading 0 ZW_1_hour_5_D_.csv
2020-05-12 15:11:11,901-INFO-Downloading 0 ZS_1_hour_5_D_.csv
2020-05-12 15:11:12,516-INFO-Downloading 0 ZM_1_hour_5_D_.csv
2020-05-12 15:11:13,148-INFO-Downloading 0 ZL_1_hour_5_D_.csv
2020-05-12 15:11:13,789-INFO-Downloading 0 ZR_1_hour_5_D_.csv
2020-05-12 15:11:14,427-INFO-Downloading 0 NG_1_hour_5_D_.csv
2020-05-12 15:11:14,936-INFO-Downloading 0 AC_1_hour_5_D_.csv
2020-05-12 15:11:15,340-INFO-Downloading 0 BRR_1_hour_5_D_.csv
2020-05-12 15:11:15,685-INFO-Downloading 0 AUD_1_hour_5_D_.csv
2020-05-12 15:11:16,046-INFO-Downloading 0 JPY_1_hour_5_D_.csv
2020-05-12 15:11:16,400-INFO-Downloading 0 EUR_1_hour_5_D_.csv
2020-05-12 15:11:16,744-INFO-Downloading 0 GBP_1_hour_5_D_.csv
2020-05-12 15:11:17,098-INFO-Downloading 0 CAD_1_hour_5_D_.csv
2020-05-12 15:11:17,447-INFO-Downloading 0 NZD_1_hour_5_D_.csv
2020-05-12 15:11:17,783-INFO-Downloading 0 MXP_1_hour_5_D_.csv
2020-05-12 15:11:18,132-INFO-Downloading 0 RUR_1_hour_5_D_.csv
2020-05-12 15:11:18,485-INFO-Downloading 0 BRE_1_hour_5_D_.csv
2020-05-12 15:11:19,853-INFO-Downloading 0 ZAR_1_hour_5_D_.csv
2020-05-12 15:11:20,442-INFO-Downloading 0 SEK_1_hour_5_D_.csv
2020-05-12 15:11:20,781-INFO-Downloading 0 NOK_1_hour_5_D_.csv
2020-05-12 15:11:21,128-INFO-Downloading 0 NZD_1_hour_5_D_.csv
2020-05-12 15:11:21,457-INFO-Downloading 0 SIR_1_hour_5_D_.csv
2020-05-12 15:11:21,801-INFO-Downloading 0 CHF_1_hour_5_D_.csv
2020-05-12 15:11:22,192-INFO-Downloading 0 IXB_1_hour_5_D_.csv
2020-05-12 15:11:22,794-INFO-Downloading 0 IXE_1_hour_5_D_.csv
2020-05-12 15:11:23,397-INFO-Downloading 0 IXI_1_hour_5_D_.csv
2020-05-12 15:11:23,999-INFO-Downloading 0 IXM_1_hour_5_D_.csv
2020-05-12 15:11:24,601-INFO-Downloading 0 IXR_1_hour_5_D_.csv
2020-05-12 15:11:25,198-INFO-Downloading 0 IXT_1_hour_5_D_.csv
2020-05-12 15:11:25,797-INFO-Downloading 0 IXU_1_hour_5_D_.csv
2020-05-12 15:11:26,394-INFO-Downloading 0 IXY_1_hour_5_D_.csv
2020-05-12 15:11:27,986-INFO-Downloading 0 IXRE_1_hour_5_D_.csv
2020-05-12 15:11:28,632-INFO-Downloading 0 GF_1_hour_5_D_.csv
2020-05-12 15:11:29,961-INFO-Downloading 0 HE_1_hour_5_D_.csv
2020-05-12 15:11:30,515-INFO-Downloading 0 HO_1_hour_5_D_.csv
2020-05-12 15:11:30,941-INFO-Downloading 0 RB_1_hour_5_D_.csv
2020-05-12 15:11:31,359-INFO-Downloading 0 PA_1_hour_5_D_.csv
